<?xml version="1.0" encoding="UTF-8"?>
<!-- Generated by org.testng.reporters.JUnitReportReporter -->
<testsuite skipped="0" hostname="DESKTOP-ND5IR8R" name="org.adactin.HotelTransactions" tests="3" failures="0" timestamp="11 Jun 2021 06:45:31 GMT" time="7.946" errors="0">
  <testcase name="loginHotel" time="2.199" classname="org.adactin.HotelTransactions"/>
  <testcase name="hotel" time="1.911" classname="org.adactin.HotelTransactions"/>
  <testcase name="billing" time="3.836" classname="org.adactin.HotelTransactions"/>
</testsuite> <!-- org.adactin.HotelTransactions -->
