<?xml version="1.0" encoding="UTF-8"?>
<!-- Generated by org.testng.reporters.JUnitReportReporter -->
<testsuite skipped="0" hostname="DESKTOP-ND5IR8R" name="org.groups.SearchTitle" tests="6" failures="0" timestamp="12 Aug 2022 07:01:58 GMT" time="0.030" errors="0">
  <testcase name="checkTitle" time="0.015" classname="org.groups.SearchTitle"/>
  <testcase name="tc7" time="0.001" classname="org.groups.SearchTitle"/>
  <testcase name="tc6" time="0.004" classname="org.groups.SearchTitle"/>
  <testcase name="tc5" time="0.006" classname="org.groups.SearchTitle"/>
  <testcase name="tc0" time="0.001" classname="org.groups.SearchTitle"/>
  <testcase name="click_element" time="0.003" classname="org.groups.SearchTitle"/>
</testsuite> <!-- org.groups.SearchTitle -->
