<?xml version="1.0" encoding="UTF-8"?>
<!-- Generated by org.testng.reporters.JUnitReportReporter -->
<testsuite skipped="1" hostname="DESKTOP-ND5IR8R" name="org.dataengineexcel.DataGeneratorFromExcel" tests="1" failures="0" timestamp="07 Aug 2022 14:35:38 GMT" time="0.000" errors="0">
  <testcase name="getData" time="0.000" classname="org.dataengineexcel.DataGeneratorFromExcel">
    <skipped/>
  </testcase> <!-- getData -->
</testsuite> <!-- org.dataengineexcel.DataGeneratorFromExcel -->
