<?xml version="1.0" encoding="UTF-8"?>
<!-- Generated by org.testng.reporters.JUnitReportReporter -->
<testsuite skipped="0" hostname="DESKTOP-ND5IR8R" name="org.browserparallel.BrowserParallelUsingClasses2" tests="1" failures="0" timestamp="10 Aug 2022 14:39:47 GMT" time="26.323" errors="0">
  <testcase name="firefoxBrowser" time="26.323" classname="org.browserparallel.BrowserParallelUsingClasses2"/>
</testsuite> <!-- org.browserparallel.BrowserParallelUsingClasses2 -->
