<?xml version="1.0" encoding="UTF-8"?>
<!-- Generated by org.testng.reporters.JUnitReportReporter -->
<testsuite skipped="0" hostname="DESKTOP-ND5IR8R" name="org.testngparallel.ParallelExecutionCheck" tests="3" failures="0" timestamp="10 Aug 2022 13:06:46 GMT" time="8.051" errors="0">
  <testcase name="m2" time="2.017" classname="org.testngparallel.ParallelExecutionCheck"/>
  <testcase name="m3" time="0.017" classname="org.testngparallel.ParallelExecutionCheck"/>
  <testcase name="m1" time="6.017" classname="org.testngparallel.ParallelExecutionCheck"/>
</testsuite> <!-- org.testngparallel.ParallelExecutionCheck -->
