<?xml version="1.0" encoding="UTF-8"?>
<!-- Generated by org.testng.reporters.JUnitReportReporter -->
<testsuite skipped="0" hostname="DESKTOP-ND5IR8R" name="org.testngparallel.ParallelExecutionMethod" tests="3" failures="0" timestamp="10 Aug 2022 13:55:06 GMT" time="2.021" errors="0">
  <testcase name="m1" time="0.013" classname="org.testngparallel.ParallelExecutionMethod"/>
  <testcase name="m2" time="2.004" classname="org.testngparallel.ParallelExecutionMethod"/>
  <testcase name="m3" time="0.004" classname="org.testngparallel.ParallelExecutionMethod"/>
</testsuite> <!-- org.testngparallel.ParallelExecutionMethod -->
