<?xml version="1.0" encoding="UTF-8"?>
<!-- Generated by org.testng.reporters.JUnitReportReporter -->
<testsuite skipped="0" hostname="DESKTOP-ND5IR8R" name="org.browserparallel.BrowserParallelUsingMethod" tests="2" failures="0" timestamp="10 Aug 2022 14:28:05 GMT" time="32.611" errors="0">
  <testcase name="firefoxBrowser" time="19.758" classname="org.browserparallel.BrowserParallelUsingMethod"/>
  <testcase name="chromeBrowser" time="12.853" classname="org.browserparallel.BrowserParallelUsingMethod"/>
</testsuite> <!-- org.browserparallel.BrowserParallelUsingMethod -->
