<?xml version="1.0" encoding="UTF-8"?>
<!-- Generated by org.testng.reporters.JUnitReportReporter -->
<testsuite skipped="0" hostname="DESKTOP-ND5IR8R" name="org.dataprovider.FbUsingDataprovider" tests="1" failures="0" timestamp="07 Jun 2021 05:55:01 GMT" time="0.459" errors="0">
  <testcase name="tc0" time="0.459" classname="org.dataprovider.FbUsingDataprovider"/>
</testsuite> <!-- org.dataprovider.FbUsingDataprovider -->
