<?xml version="1.0" encoding="UTF-8"?>
<!-- Generated by org.testng.reporters.JUnitReportReporter -->
<testsuite skipped="0" hostname="DESKTOP-ND5IR8R" name="org.normalprograms.ProgForOptional" tests="4" failures="0" timestamp="02 Jun 2021 13:44:21 GMT" time="0.030" errors="0">
  <testcase name="tc3" time="0.001" classname="org.normalprograms.ProgForOptional"/>
  <testcase name="tc31" time="0.007" classname="org.normalprograms.ProgForOptional"/>
  <testcase name="tc31" time="0.004" classname="org.normalprograms.ProgForOptional"/>
  <testcase name="tc3" time="0.018" classname="org.normalprograms.ProgForOptional"/>
</testsuite> <!-- org.normalprograms.ProgForOptional -->
