<?xml version="1.0" encoding="UTF-8"?>
<!-- Generated by org.testng.reporters.JUnitReportReporter -->
<testsuite skipped="0" hostname="DESKTOP-ND5IR8R" name="org.normalprograms.openBrowser" tests="2" failures="0" timestamp="02 Jun 2021 07:08:49 GMT" time="0.014" errors="0">
  <testcase name="Sum" time="0.011" classname="org.normalprograms.openBrowser"/>
  <testcase name="Diff" time="0.003" classname="org.normalprograms.openBrowser"/>
</testsuite> <!-- org.normalprograms.openBrowser -->
