<?xml version="1.0" encoding="UTF-8"?>
<!-- Generated by org.testng.reporters.JUnitReportReporter -->
<testsuite skipped="0" hostname="DESKTOP-ND5IR8R" name="org.fortest.Test" tests="3" failures="0" timestamp="25 Jul 2021 09:18:04 GMT" time="19.301" errors="0">
  <testcase name="login" time="11.778" classname="org.fortest.Test"/>
  <testcase name="scrolldown" time="5.644" classname="org.fortest.Test"/>
  <testcase name="screenShot" time="1.879" classname="org.fortest.Test"/>
</testsuite> <!-- org.fortest.Test -->
