<?xml version="1.0" encoding="UTF-8"?>
<!-- Generated by org.testng.reporters.JUnitReportReporter -->
<testsuite skipped="0" hostname="DESKTOP-ND5IR8R" name="org.listener.secondcase.TestCases" tests="2" failures="0" timestamp="31 May 2021 07:59:44 GMT" time="0.020" errors="0">
  <testcase name="testtofail" time="0.017" classname="org.listener.secondcase.TestCases"/>
  <testcase name="testtopass" time="0.003" classname="org.listener.secondcase.TestCases"/>
</testsuite> <!-- org.listener.secondcase.TestCases -->
