<?xml version="1.0" encoding="UTF-8"?>
<!-- Generated by org.testng.reporters.JUnitReportReporter -->
<testsuite skipped="0" hostname="DESKTOP-ND5IR8R" name="org.browserparallel.BrowserParallelUsingClasses1" tests="1" failures="0" timestamp="10 Aug 2022 14:39:47 GMT" time="14.147" errors="0">
  <testcase name="chromeBrowser" time="14.147" classname="org.browserparallel.BrowserParallelUsingClasses1"/>
</testsuite> <!-- org.browserparallel.BrowserParallelUsingClasses1 -->
