<?xml version="1.0" encoding="UTF-8"?>
<!-- Generated by org.testng.reporters.JUnitReportReporter -->
<testsuite skipped="0" hostname="DESKTOP-ND5IR8R" name="org.testngparallel.ParallelExecutionClasses" tests="2" failures="0" timestamp="10 Aug 2022 13:55:06 GMT" time="0.016" errors="0">
  <testcase name="c1" time="0.013" classname="org.testngparallel.ParallelExecutionClasses"/>
  <testcase name="c2" time="0.003" classname="org.testngparallel.ParallelExecutionClasses"/>
</testsuite> <!-- org.testngparallel.ParallelExecutionClasses -->
