<?xml version="1.0" encoding="UTF-8"?>
<!-- Generated by org.testng.reporters.JUnitReportReporter -->
<testsuite skipped="0" hostname="DESKTOP-ND5IR8R" name="org.fortest.ParallelExecution" tests="3" failures="0" timestamp="25 Jul 2021 05:12:48 GMT" time="24.345" errors="0">
  <testcase name="executSessionThree" time="6.432" classname="org.fortest.ParallelExecution"/>
  <testcase name="executSessionOne" time="9.478" classname="org.fortest.ParallelExecution"/>
  <testcase name="executeSessionTwo" time="8.435" classname="org.fortest.ParallelExecution"/>
</testsuite> <!-- org.fortest.ParallelExecution -->
