<?xml version="1.0" encoding="UTF-8"?>
<!-- Generated by org.testng.reporters.JUnitReportReporter -->
<testsuite skipped="0" hostname="DESKTOP-ND5IR8R" name="org.normalprograms.Multiply" tests="1" failures="0" timestamp="02 Jun 2021 07:08:49 GMT" time="0.006" errors="0">
  <testcase name="mul" time="0.006" classname="org.normalprograms.Multiply"/>
</testsuite> <!-- org.normalprograms.Multiply -->
