<?xml version="1.0" encoding="UTF-8"?>
<!-- Generated by org.testng.reporters.JUnitReportReporter -->
<testsuite skipped="0" hostname="DESKTOP-ND5IR8R" name="org.groups.Groups" tests="4" failures="0" timestamp="07 Aug 2022 15:24:55 GMT" time="0.024" errors="0">
  <testcase name="m1" time="0.004" classname="org.groups.Groups"/>
  <testcase name="m3" time="0.001" classname="org.groups.Groups"/>
  <testcase name="m5" time="0.017" classname="org.groups.Groups"/>
  <testcase name="m2" time="0.002" classname="org.groups.Groups"/>
</testsuite> <!-- org.groups.Groups -->
