<?xml version="1.0" encoding="UTF-8"?>
<!-- Generated by org.testng.reporters.JUnitReportReporter -->
<testsuite skipped="0" hostname="DESKTOP-ND5IR8R" name="org.testngparallel.ParallelExecution" tests="2" failures="0" timestamp="10 Aug 2022 12:47:09 GMT" time="0.017" errors="0">
  <testcase name="m1" time="0.014" classname="org.testngparallel.ParallelExecution"/>
  <testcase name="m2" time="0.003" classname="org.testngparallel.ParallelExecution"/>
</testsuite> <!-- org.testngparallel.ParallelExecution -->
