<?xml version="1.0" encoding="UTF-8"?>
<!-- Generated by org.testng.reporters.JUnitReportReporter -->
<testsuite skipped="0" hostname="DESKTOP-ND5IR8R" name="org.normalprograms.ExtenReportOwn" tests="2" failures="0" timestamp="11 Aug 2022 10:09:01 GMT" time="26.297" errors="0">
  <testcase name="chromeBrowser" time="12.104" classname="org.normalprograms.ExtenReportOwn"/>
  <testcase name="firefoxBrowser" time="14.193" classname="org.normalprograms.ExtenReportOwn"/>
</testsuite> <!-- org.normalprograms.ExtenReportOwn -->
