<?xml version="1.0" encoding="UTF-8"?>
<!-- Generated by org.testng.reporters.JUnitReportReporter -->
<testsuite skipped="3" hostname="DESKTOP-ND5IR8R" name="org.normalprograms.DynamicWebElements" tests="4" failures="0" timestamp="10 Aug 2022 11:28:48 GMT" time="36.532" errors="0">
  <testcase name="guru99WebTable" time="36.532" classname="org.normalprograms.DynamicWebElements"/>
  <testcase name="printingSportGameNames" classname="org.normalprograms.DynamicWebElements">
    <skipped/>
  </testcase> <!-- printingSportGameNames -->
  <testcase name="dynamicWebElements" classname="org.normalprograms.DynamicWebElements">
    <skipped/>
  </testcase> <!-- dynamicWebElements -->
  <testcase name="clickingLinks" classname="org.normalprograms.DynamicWebElements">
    <skipped/>
  </testcase> <!-- clickingLinks -->
</testsuite> <!-- org.normalprograms.DynamicWebElements -->
