<?xml version="1.0" encoding="UTF-8"?>
<!-- Generated by org.testng.reporters.JUnitReportReporter -->
<testsuite skipped="0" hostname="DESKTOP-ND5IR8R" name="org.fb.Simple" tests="3" failures="0" timestamp="11 Jun 2021 13:51:46 GMT" time="0.013" errors="0">
  <testcase name="test222" time="0.003" classname="org.fb.Simple"/>
  <testcase name="tc33" time="0.006" classname="org.fb.Simple"/>
  <testcase name="test2" time="0.004" classname="org.fb.Simple"/>
</testsuite> <!-- org.fb.Simple -->
