<?xml version="1.0" encoding="UTF-8"?>
<!-- Generated by org.testng.reporters.JUnitReportReporter -->
<testsuite skipped="0" hostname="DESKTOP-ND5IR8R" name="org.fb.Facebook" tests="2" failures="0" timestamp="13 Jun 2021 08:39:22 GMT" time="0.468" errors="0">
  <testcase name="tc1" time="0.201" classname="org.fb.Facebook"/>
  <testcase name="tc0" time="0.267" classname="org.fb.Facebook"/>
</testsuite> <!-- org.fb.Facebook -->
