<?xml version="1.0" encoding="UTF-8"?>
<!-- Generated by org.testng.reporters.JUnitReportReporter -->
<testsuite skipped="0" hostname="DESKTOP-ND5IR8R" name="org.dataprovider.DataProv1" tests="3" failures="0" timestamp="06 Jun 2021 14:46:07 GMT" time="0.018" errors="0">
  <testcase name="tc0" time="0.011" classname="org.dataprovider.DataProv1"/>
  <testcase name="tc0" time="0.005" classname="org.dataprovider.DataProv1"/>
  <testcase name="tc0" time="0.002" classname="org.dataprovider.DataProv1"/>
</testsuite> <!-- org.dataprovider.DataProv1 -->
